<?xml version="1.0" encoding="UTF-8"?>
<testsuite xmlns:xsi="http://www.w3.org/2001/XMLSchema-instance" xsi:noNamespaceSchemaLocation="https://maven.apache.org/surefire/maven-surefire-plugin/xsd/surefire-test-report-3.0.xsd" version="3.0" name="com.ebookstore.controller.BookControllerSpec" time="1.875" tests="13" errors="0" skipped="0" failures="0">
  <properties>
[...]
</properties>
  <testcase name="POST /api/books returns 201 and BookResponse" classname="com.ebookstore.controller.BookControllerSpec" time="0.337">
    <system-out><![CDATA[17:28:42.022 [main] INFO org.hibernate.validator.internal.util.Version -- HV000001: Hibernate Validator 8.0.1.Final
17:28:42.484 [main] INFO org.springframework.mock.web.MockServletContext -- Initializing Spring TestDispatcherServlet ''
17:28:42.484 [main] INFO org.springframework.test.web.servlet.TestDispatcherServlet -- Initializing Servlet ''
17:28:42.484 [main] INFO org.springframework.test.web.servlet.TestDispatcherServlet -- Completed initialization in 0 ms
]]></system-out>
  </testcase>
  <testcase name="POST /api/books returns 400 when title is missing" classname="com.ebookstore.controller.BookControllerSpec" time="0.024">
    <system-out><![CDATA[17:28:42.895 [main] INFO org.springframework.mock.web.MockServletContext -- Initializing Spring TestDispatcherServlet ''
17:28:42.895 [main] INFO org.springframework.test.web.servlet.TestDispatcherServlet -- Initializing Servlet ''
17:28:42.895 [main] INFO org.springframework.test.web.servlet.TestDispatcherServlet -- Completed initialization in 0 ms
]]></system-out>
  </testcase>
  <testcase name="GET /api/books returns all books" classname="com.ebookstore.controller.BookControllerSpec" time="0.024">
    <system-out><![CDATA[17:28:42.936 [main] INFO org.springframework.mock.web.MockServletContext -- Initializing Spring TestDispatcherServlet ''
17:28:42.936 [main] INFO org.springframework.test.web.servlet.TestDispatcherServlet -- Initializing Servlet ''
17:28:42.936 [main] INFO org.springframework.test.web.servlet.TestDispatcherServlet -- Completed initialization in 0 ms
]]></system-out>
  </testcase>
  <testcase name="GET /api/books?title=clean delegates to searchByTitle" classname="com.ebookstore.controller.BookControllerSpec" time="0.023">
    <system-out><![CDATA[17:28:42.969 [main] INFO org.springframework.mock.web.MockServletContext -- Initializing Spring TestDispatcherServlet ''
17:28:42.969 [main] INFO org.springframework.test.web.servlet.TestDispatcherServlet -- Initializing Servlet ''
17:28:42.969 [main] INFO org.springframework.test.web.servlet.TestDispatcherServlet -- Completed initialization in 0 ms
]]></system-out>
  </testcase>
  <testcase name="GET /api/books?author=martin delegates to searchByAuthor" classname="com.ebookstore.controller.BookControllerSpec" time="0.009">
    <system-out><![CDATA[17:28:43.001 [main] INFO org.springframework.mock.web.MockServletContext -- Initializing Spring TestDispatcherServlet ''
17:28:43.001 [main] INFO org.springframework.test.web.servlet.TestDispatcherServlet -- Initializing Servlet ''
17:28:43.001 [main] INFO org.springframework.test.web.servlet.TestDispatcherServlet -- Completed initialization in 0 ms
]]></system-out>
  </testcase>
  <testcase name="GET /api/books?genre=technology delegates to searchByGenre" classname="com.ebookstore.controller.BookControllerSpec" time="0.011">
    <system-out><![CDATA[17:28:43.023 [main] INFO org.springframework.mock.web.MockServletContext -- Initializing Spring TestDispatcherServlet ''
17:28:43.023 [main] INFO org.springframework.test.web.servlet.TestDispatcherServlet -- Initializing Servlet ''
17:28:43.023 [main] INFO org.springframework.test.web.servlet.TestDispatcherServlet -- Completed initialization in 0 ms
]]></system-out>
  </testcase>
  <testcase name="GET /api/books/available returns available books" classname="com.ebookstore.controller.BookControllerSpec" time="0.013">
    <system-out><![CDATA[17:28:43.041 [main] INFO org.springframework.mock.web.MockServletContext -- Initializing Spring TestDispatcherServlet ''
17:28:43.041 [main] INFO org.springframework.test.web.servlet.TestDispatcherServlet -- Initializing Servlet ''
17:28:43.041 [main] INFO org.springframework.test.web.servlet.TestDispatcherServlet -- Completed initialization in 0 ms
]]></system-out>
  </testcase>
  <testcase name="GET /api/books/1 returns the book" classname="com.ebookstore.controller.BookControllerSpec" time="0.012">
    <system-out><![CDATA[17:28:43.056 [main] INFO org.springframework.mock.web.MockServletContext -- Initializing Spring TestDispatcherServlet ''
17:28:43.056 [main] INFO org.springframework.test.web.servlet.TestDispatcherServlet -- Initializing Servlet ''
17:28:43.056 [main] INFO org.springframework.test.web.servlet.TestDispatcherServlet -- Completed initialization in 0 ms
]]></system-out>
  </testcase>
  <testcase name="GET /api/books/99 returns 404 when book not found" classname="com.ebookstore.controller.BookControllerSpec" time="0.039">
    <system-out><![CDATA[17:28:43.068 [main] INFO org.springframework.mock.web.MockServletContext -- Initializing Spring TestDispatcherServlet ''
17:28:43.068 [main] INFO org.springframework.test.web.servlet.TestDispatcherServlet -- Initializing Servlet ''
17:28:43.068 [main] INFO org.springframework.test.web.servlet.TestDispatcherServlet -- Completed initialization in 0 ms
]]></system-out>
  </testcase>
  <testcase name="PUT /api/books/1 updates and returns the book" classname="com.ebookstore.controller.BookControllerSpec" time="0.018">
    <system-out><![CDATA[17:28:43.114 [main] INFO org.springframework.mock.web.MockServletContext -- Initializing Spring TestDispatcherServlet ''
17:28:43.114 [main] INFO org.springframework.test.web.servlet.TestDispatcherServlet -- Initializing Servlet ''
17:28:43.114 [main] INFO org.springframework.test.web.servlet.TestDispatcherServlet -- Completed initialization in 0 ms
]]></system-out>
  </testcase>
  <testcase name="PUT /api/books/99 returns 404 when book not found" classname="com.ebookstore.controller.BookControllerSpec" time="0.018">
    <system-out><![CDATA[17:28:43.137 [main] INFO org.springframework.mock.web.MockServletContext -- Initializing Spring TestDispatcherServlet ''
17:28:43.137 [main] INFO org.springframework.test.web.servlet.TestDispatcherServlet -- Initializing Servlet ''
17:28:43.137 [main] INFO org.springframework.test.web.servlet.TestDispatcherServlet -- Completed initialization in 0 ms
]]></system-out>
  </testcase>
  <testcase name="DELETE /api/books/1 returns 200" classname="com.ebookstore.controller.BookControllerSpec" time="0.004">
    <system-out><![CDATA[17:28:43.164 [main] INFO org.springframework.mock.web.MockServletContext -- Initializing Spring TestDispatcherServlet ''
17:28:43.164 [main] INFO org.springframework.test.web.servlet.TestDispatcherServlet -- Initializing Servlet ''
17:28:43.164 [main] INFO org.springframework.test.web.servlet.TestDispatcherServlet -- Completed initialization in 0 ms
]]></system-out>
  </testcase>
  <testcase name="DELETE /api/books/99 returns 404 when book not found" classname="com.ebookstore.controller.BookControllerSpec" time="0.0">
    <system-out><![CDATA[17:28:43.177 [main] INFO org.springframework.mock.web.MockServletContext -- Initializing Spring TestDispatcherServlet ''
17:28:43.177 [main] INFO org.springframework.test.web.servlet.TestDispatcherServlet -- Initializing Servlet ''
17:28:43.177 [main] INFO org.springframework.test.web.servlet.TestDispatcherServlet -- Completed initialization in 0 ms
]]></system-out>
  </testcase>
</testsuite>