<?xml version="1.0" encoding="UTF-8"?>
<testsuite xmlns:xsi="http://www.w3.org/2001/XMLSchema-instance" xsi:noNamespaceSchemaLocation="https://maven.apache.org/surefire/maven-surefire-plugin/xsd/surefire-test-report-3.0.xsd" version="3.0" name="com.ebookstore.repository.BookRepositorySpec" time="4.188" tests="6" errors="0" skipped="0" failures="0">
  <properties>
[...]
</properties>
  <testcase name="save and find book by id" classname="com.ebookstore.repository.BookRepositorySpec" time="0.738">
    <system-out><![CDATA[
  .   ____          _            __ _ _
 /\\ / ___'_ __ _ _(_)_ __  __ _ \ \ \ \
( ( )\___ | '_ | '_| | '_ \/ _` | \ \ \ \
 \\/  ___)| |_)| | | | | || (_| |  ) ) ) )
  '  |____| .__|_| |_|_| |_\__, | / / / /
 =========|_|==============|___/=/_/_/_/
 :: Spring Boot ::                (v3.2.0)

2026-07-03T17:28:44.071+05:30  INFO 9868 --- [           main] c.e.repository.BookRepositorySpec        : Starting BookRepositorySpec using Java 17.0.12 with PID 9868 (started by RaviShankar in C:\Users\RaviShankar\.bob\playground\ebook-store)
2026-07-03T17:28:44.072+05:30  INFO 9868 --- [           main] c.e.repository.BookRepositorySpec        : No active profile set, falling back to 1 default profile: "default"
2026-07-03T17:28:44.460+05:30  INFO 9868 --- [           main] .s.d.r.c.RepositoryConfigurationDelegate : Bootstrapping Spring Data JPA repositories in DEFAULT mode.
2026-07-03T17:28:44.526+05:30  INFO 9868 --- [           main] .s.d.r.c.RepositoryConfigurationDelegate : Finished Spring Data repository scanning in 53 ms. Found 3 JPA repository interfaces.
2026-07-03T17:28:44.585+05:30  INFO 9868 --- [           main] beddedDataSourceBeanFactoryPostProcessor : Replacing 'dataSource' DataSource bean with embedded version
2026-07-03T17:28:44.806+05:30  INFO 9868 --- [           main] o.s.j.d.e.EmbeddedDatabaseFactory        : Starting embedded database: url='jdbc:h2:mem:7920cb30-a3b3-42e0-8aa8-eb4ba11e0ece;DB_CLOSE_DELAY=-1;DB_CLOSE_ON_EXIT=false', username='sa'
2026-07-03T17:28:45.085+05:30  INFO 9868 --- [           main] o.hibernate.jpa.internal.util.LogHelper  : HHH000204: Processing PersistenceUnitInfo [name: default]
2026-07-03T17:28:45.142+05:30  INFO 9868 --- [           main] org.hibernate.Version                    : HHH000412: Hibernate ORM core version 6.3.1.Final
2026-07-03T17:28:45.174+05:30  INFO 9868 --- [           main] o.h.c.internal.RegionFactoryInitiator    : HHH000026: Second-level cache disabled
2026-07-03T17:28:45.271+05:30  INFO 9868 --- [           main] o.s.o.j.p.SpringPersistenceUnitInfo      : No LoadTimeWeaver setup: ignoring JPA class transformer
2026-07-03T17:28:45.316+05:30  WARN 9868 --- [           main] org.hibernate.orm.deprecation            : HHH90000025: H2Dialect does not need to be specified explicitly using 'hibernate.dialect' (remove the property setting and it will be selected by default)
2026-07-03T17:28:46.040+05:30  INFO 9868 --- [           main] o.h.e.t.j.p.i.JtaPlatformInitiator       : HHH000489: No JTA platform available (set 'hibernate.transaction.jta.platform' to enable JTA platform integration)
Hibernate: drop table if exists books cascade 
Hibernate: drop table if exists user_books cascade 
Hibernate: drop table if exists users cascade 
Hibernate: create table books (available boolean not null, price numeric(38,2) not null, id bigint generated by default as identity, description varchar(1000), author varchar(255) not null, genre varchar(255) not null, title varchar(255) not null, primary key (id))
Hibernate: create table user_books (accessed_at timestamp(6) not null, book_id bigint not null, id bigint generated by default as identity, user_id bigint not null, primary key (id), unique (user_id, book_id))
Hibernate: create table users (id bigint generated by default as identity, registered_at timestamp(6) not null, email varchar(255) not null unique, name varchar(255) not null, password varchar(255) not null, primary key (id))
Hibernate: alter table if exists user_books add constraint FKa26s0po2ld5t5mi5sww9ca98 foreign key (book_id) references books
Hibernate: alter table if exists user_books add constraint FKseruwi8quqdx6svnurcamej55 foreign key (user_id) references users
2026-07-03T17:28:46.082+05:30  INFO 9868 --- [           main] j.LocalContainerEntityManagerFactoryBean : Initialized JPA EntityManagerFactory for persistence unit 'default'
2026-07-03T17:28:46.599+05:30  INFO 9868 --- [           main] c.e.repository.BookRepositorySpec        : Started BookRepositorySpec in 2.844 seconds (process running for 6.713)
Hibernate: insert into books (author,available,description,genre,price,title,id) values (?,?,?,?,?,?,default)
]]></system-out>
  </testcase>
  <testcase name="findByAvailableTrue returns only available books" classname="com.ebookstore.repository.BookRepositorySpec" time="0.142">
    <system-out><![CDATA[Hibernate: insert into books (author,available,description,genre,price,title,id) values (?,?,?,?,?,?,default)
Hibernate: insert into books (author,available,description,genre,price,title,id) values (?,?,?,?,?,?,default)
Hibernate: select b1_0.id,b1_0.author,b1_0.available,b1_0.description,b1_0.genre,b1_0.price,b1_0.title from books b1_0 where b1_0.available
Hibernate: select b1_0.id,b1_0.author,b1_0.available,b1_0.description,b1_0.genre,b1_0.price,b1_0.title from books b1_0
]]></system-out>
  </testcase>
  <testcase name="findByTitleContainingIgnoreCase performs case-insensitive partial match" classname="com.ebookstore.repository.BookRepositorySpec" time="0.032">
    <system-out><![CDATA[Hibernate: insert into books (author,available,description,genre,price,title,id) values (?,?,?,?,?,?,default)
Hibernate: insert into books (author,available,description,genre,price,title,id) values (?,?,?,?,?,?,default)
Hibernate: select b1_0.id,b1_0.author,b1_0.available,b1_0.description,b1_0.genre,b1_0.price,b1_0.title from books b1_0 where upper(b1_0.title) like upper(?) escape '\'
Hibernate: select b1_0.id,b1_0.author,b1_0.available,b1_0.description,b1_0.genre,b1_0.price,b1_0.title from books b1_0
]]></system-out>
  </testcase>
  <testcase name="findByAuthorContainingIgnoreCase performs case-insensitive partial match" classname="com.ebookstore.repository.BookRepositorySpec" time="0.026">
    <system-out><![CDATA[Hibernate: insert into books (author,available,description,genre,price,title,id) values (?,?,?,?,?,?,default)
Hibernate: insert into books (author,available,description,genre,price,title,id) values (?,?,?,?,?,?,default)
Hibernate: select b1_0.id,b1_0.author,b1_0.available,b1_0.description,b1_0.genre,b1_0.price,b1_0.title from books b1_0 where upper(b1_0.author) like upper(?) escape '\'
Hibernate: select b1_0.id,b1_0.author,b1_0.available,b1_0.description,b1_0.genre,b1_0.price,b1_0.title from books b1_0
]]></system-out>
  </testcase>
  <testcase name="findByGenreIgnoreCase is case insensitive" classname="com.ebookstore.repository.BookRepositorySpec" time="0.015">
    <system-out><![CDATA[Hibernate: insert into books (author,available,description,genre,price,title,id) values (?,?,?,?,?,?,default)
Hibernate: select b1_0.id,b1_0.author,b1_0.available,b1_0.description,b1_0.genre,b1_0.price,b1_0.title from books b1_0 where upper(b1_0.genre)=upper(?)
Hibernate: select b1_0.id,b1_0.author,b1_0.available,b1_0.description,b1_0.genre,b1_0.price,b1_0.title from books b1_0
]]></system-out>
  </testcase>
  <testcase name="deleteById removes the book" classname="com.ebookstore.repository.BookRepositorySpec" time="0.352">
    <system-out><![CDATA[Hibernate: insert into books (author,available,description,genre,price,title,id) values (?,?,?,?,?,?,default)
Hibernate: delete from books where id=?
Hibernate: select count(*) from books b1_0 where b1_0.id=?
]]></system-out>
  </testcase>
</testsuite>